[    0.000000] Linux version 4.15.0-212-generic (buildd@lcy02-amd64-083) (gcc version 7.5.0 (Ubuntu 7.5.0-3ubuntu1~18.04)) #223-Ubuntu SMP Tue May 23 13:09:22 UTC 2023 (Ubuntu 4.15.0-212.223-generic 4.15.18)
[    0.000000] Command line: BOOT_IMAGE=/boot/vmlinuz-4.15.0-212-generic root=LABEL=cloudimg-rootfs ro console=tty1 console=ttyS0
[    0.000000] KERNEL supported cpus:
[    0.000000]   Intel GenuineIntel
[    0.000000]   AMD AuthenticAMD
[    0.000000]   Centaur CentaurHauls
[    0.000000] [Firmware Bug]: TSC doesn't count with P0 frequency!
[    0.000000] x86/fpu: x87 FPU will use FXSAVE
[    0.000000] e820: BIOS-provided physical RAM map:
[    0.000000] BIOS-e820: [mem 0x0000000000000000-0x000000000009fbff] usable
[    0.000000] BIOS-e820: [mem 0x000000000009fc00-0x000000000009ffff] reserved
[    0.000000] BIOS-e820: [mem 0x00000000000f0000-0x00000000000fffff] reserved
[    0.000000] BIOS-e820: [mem 0x0000000000100000-0x000000000ffeffff] usable
[    0.000000] BIOS-e820: [mem 0x000000000fff0000-0x000000000fffffff] ACPI data
[    0.000000] BIOS-e820: [mem 0x00000000fec00000-0x00000000fec00fff] reserved
[    0.000000] BIOS-e820: [mem 0x00000000fee00000-0x00000000fee00fff] reserved
[    0.000000] BIOS-e820: [mem 0x00000000fffc0000-0x00000000ffffffff] reserved
[    0.000000] NX (Execute Disable) protection: active
[    0.000000] SMBIOS 2.5 present.
[    0.000000] DMI: innotek GmbH VirtualBox/VirtualBox, BIOS VirtualBox 12/01/2006
[    0.000000] Hypervisor detected: KVM
[    0.000000] e820: last_pfn = 0xfff0 max_arch_pfn = 0x400000000
[    0.000000] MTRR: Disabled
[    0.000000] x86/PAT: MTRRs disabled, skipping PAT initialization too.
[    0.000000] CPU MTRRs all blank - virtualized system.
[    0.000000] x86/PAT: Configuration [0-7]: WB  WT  UC- UC  WB  WT  UC- UC  
[    0.000000] found SMP MP-table at [mem 0x0009fff0-0x0009ffff]
[    0.000000] Scanning 1 areas for low memory corruption
[    0.000000] RAMDISK: [mem 0x0db01000-0x0ee12fff]
[    0.000000] ACPI: Early table checksum verification disabled
[    0.000000] ACPI: RSDP 0x00000000000E0000 000024 (v02 VBOX  )
[    0.000000] ACPI: XSDT 0x000000000FFF0030 00003C (v01 VBOX   VBOXXSDT 00000001 ASL  00000061)
[    0.000000] ACPI: FACP 0x000000000FFF00F0 0000F4 (v04 VBOX   VBOXFACP 00000001 ASL  00000061)
[    0.000000] ACPI: DSDT 0x000000000FFF0610 002353 (v02 VBOX   VBOXBIOS 00000002 INTL 20100528)
[    0.000000] ACPI: FACS 0x000000000FFF0200 000040
[    0.000000] ACPI: FACS 0x000000000FFF0200 000040
[    0.000000] ACPI: APIC 0x000000000FFF0240 000054 (v02 VBOX   VBOXAPIC 00000001 ASL  00000061)
[    0.000000] ACPI: SSDT 0x000000000FFF02A0 00036C (v01 VBOX   VBOXCPUT 00000002 INTL 20100528)
[    0.000000] ACPI: Reserving FACP table memory at [mem 0xfff00f0-0xfff01e3]
[    0.000000] ACPI: Reserving DSDT table memory at [mem 0xfff0610-0xfff2962]
[    0.000000] ACPI: Reserving FACS table memory at [mem 0xfff0200-0xfff023f]
[    0.000000] ACPI: Reserving FACS table memory at [mem 0xfff0200-0xfff023f]
[    0.000000] ACPI: Reserving APIC table memory at [mem 0xfff0240-0xfff0293]
[    0.000000] ACPI: Reserving SSDT table memory at [mem 0xfff02a0-0xfff060b]
[    0.000000] No NUMA configuration found
[    0.000000] Faking a node at [mem 0x0000000000000000-0x000000000ffeffff]
[    0.000000] NODE_DATA(0) allocated [mem 0x0ffc5000-0x0ffeffff]
[    0.000000] kvm-clock: cpu 0, msr 0:ff44001, primary cpu clock
[    0.000000] kvm-clock: Using msrs 4b564d01 and 4b564d00
[    0.000000] kvm-clock: using sched offset of 5393483877 cycles
[    0.000000] clocksource: kvm-clock: mask: 0xffffffffffffffff max_cycles: 0x1cd42e4dffb, max_idle_ns: 881590591483 ns
[    0.000000] Zone ranges:
[    0.000000]   DMA      [mem 0x0000000000001000-0x0000000000ffffff]
[    0.000000]   DMA32    [mem 0x0000000001000000-0x000000000ffeffff]
[    0.000000]   Normal   empty
[    0.000000]   Device   empty
[    0.000000] Movable zone start for each node
[    0.000000] Early memory node ranges
[    0.000000]   node   0: [mem 0x0000000000001000-0x000000000009efff]
[    0.000000]   node   0: [mem 0x0000000000100000-0x000000000ffeffff]
[    0.000000] Reserved but unavailable: 104 pages
[    0.000000] Initmem setup node 0 [mem 0x0000000000001000-0x000000000ffeffff]
[    0.000000] ACPI: PM-Timer IO Port: 0x4008
[    0.000000] IOAPIC[0]: apic_id 1, version 32, address 0xfec00000, GSI 0-23
[    0.000000] ACPI: INT_SRC_OVR (bus 0 bus_irq 0 global_irq 2 dfl dfl)
[    0.000000] ACPI: INT_SRC_OVR (bus 0 bus_irq 9 global_irq 9 low level)
[    0.000000] Using ACPI (MADT) for SMP configuration information
[    0.000000] smpboot: Allowing 1 CPUs, 0 hotplug CPUs
[    0.000000] PM: Registered nosave memory: [mem 0x00000000-0x00000fff]
[    0.000000] PM: Registered nosave memory: [mem 0x0009f000-0x0009ffff]
[    0.000000] PM: Registered nosave memory: [mem 0x000a0000-0x000effff]
[    0.000000] PM: Registered nosave memory: [mem 0x000f0000-0x000fffff]
[    0.000000] e820: [mem 0x10000000-0xfebfffff] available for PCI devices
[    0.000000] Booting paravirtualized kernel on KVM
[    0.000000] clocksource: refined-jiffies: mask: 0xffffffff max_cycles: 0xffffffff, max_idle_ns: 7645519600211568 ns
[    0.000000] setup_percpu: NR_CPUS:8192 nr_cpumask_bits:1 nr_cpu_ids:1 nr_node_ids:1
[    0.000000] percpu: Embedded 50 pages/cpu s167936 r8192 d28672 u2097152
[    0.000000] PV qspinlock hash table entries: 256 (order: 0, 4096 bytes)
[    0.000000] Built 1 zonelists, mobility grouping on.  Total pages: 64377
[    0.000000] Policy zone: DMA32
[    0.000000] Kernel command line: BOOT_IMAGE=/boot/vmlinuz-4.15.0-212-generic root=LABEL=cloudimg-rootfs ro console=tty1 console=ttyS0
[    0.000000] Memory: 208700K/261688K available (12300K kernel code, 2477K rwdata, 4324K rodata, 2480K init, 2720K bss, 52988K reserved, 0K cma-reserved)
[    0.000000] SLUB: HWalign=64, Order=0-3, MinObjects=0, CPUs=1, Nodes=1
[    0.000000] ftrace: allocating 39508 entries in 155 pages
[    0.004000] Hierarchical RCU implementation.
[    0.004000] 	RCU restricting CPUs from NR_CPUS=8192 to nr_cpu_ids=1.
[    0.004000] 	Tasks RCU enabled.
[    0.004000] RCU: Adjusting geometry for rcu_fanout_leaf=16, nr_cpu_ids=1
[    0.004000] NR_IRQS: 524544, nr_irqs: 256, preallocated irqs: 16
[    0.004000] random: crng init done
[    0.004000] Console: colour VGA+ 80x25
[    0.004000] console [tty1] enabled
[    0.004000] console [ttyS0] enabled
[    0.004000] ACPI: Core revision 20170831
[    0.004000] ACPI: 2 ACPI AML tables successfully acquired and loaded
[    0.004000] APIC: Switch to symmetric I/O mode setup
[    0.008000] ..TIMER: vector=0x30 apic1=0 pin1=2 apic2=-1 pin2=-1
[    0.008008] tsc: Detected 2096.000 MHz processor
[    0.012010] Calibrating delay loop (skipped) preset value.. 4192.00 BogoMIPS (lpj=8384000)
[    0.016007] pid_max: default: 32768 minimum: 301
[    0.020048] Security Framework initialized
[    0.024010] Yama: becoming mindful.
[    0.028046] AppArmor: AppArmor initialized
[    0.032071] Dentry cache hash table entries: 32768 (order: 6, 262144 bytes)
[    0.036031] Inode-cache hash table entries: 16384 (order: 5, 131072 bytes)
[    0.040029] Mount-cache hash table entries: 512 (order: 0, 4096 bytes)
[    0.044010] Mountpoint-cache hash table entries: 512 (order: 0, 4096 bytes)
[    0.050270] CPU0: Hyper-Threading is disabled
[    0.052103] Last level iTLB entries: 4KB 1024, 2MB 1024, 4MB 512
[    0.056007] Last level dTLB entries: 4KB 1536, 2MB 1536, 4MB 768, 1GB 0
[    0.060006] Spectre V1 : Mitigation: usercopy/swapgs barriers and __user pointer sanitization
[    0.064007] Spectre V2 : Mitigation: Retpolines
[    0.068004] Spectre V2 : Spectre v2 / SpectreRSB mitigation: Filling RSB on context switch
[    0.072005] Spectre V2 : Spectre v2 / SpectreRSB : Filling RSB on VMEXIT
[    0.076005] RETBleed: Vulnerable
[    0.084000] Freeing SMP alternatives memory: 36K
[    0.196593] smpboot: CPU0: AMD Ryzen 5 3500U with Radeon Vega Mobile Gfx (family: 0x17, model: 0x18, stepping: 0x1)
[    0.200113] Performance Events: PMU not available due to virtualization, using software events only.
[    0.204087] Hierarchical SRCU implementation.
[    0.208527] NMI watchdog: Perf event create on CPU 0 failed with -2
[    0.212005] NMI watchdog: Perf NMI watchdog permanently disabled
[    0.216170] smp: Bringing up secondary CPUs ...
[    0.220007] smp: Brought up 1 node, 1 CPU
[    0.224006] smpboot: Max logical packages: 1
[    0.228006] smpboot: Total of 1 processors activated (4192.00 BogoMIPS)
[    0.232159] devtmpfs: initialized
[    0.236075] x86/mm: Memory block size: 128MB
[    0.240140] evm: security.selinux
[    0.244009] evm: security.SMACK64
[    0.248009] evm: security.SMACK64EXEC
[    0.252009] evm: security.SMACK64TRANSMUTE
[    0.256006] evm: security.SMACK64MMAP
[    0.260005] evm: security.apparmor
[    0.264004] evm: security.ima
[    0.268006] evm: security.capability
[    0.272164] clocksource: jiffies: mask: 0xffffffff max_cycles: 0xffffffff, max_idle_ns: 7645041785100000 ns
[    0.276027] futex hash table entries: 256 (order: 2, 16384 bytes)
[    0.284095] pinctrl core: initialized pinctrl subsystem
[    0.288628] RTC time:  3:48:15, date: 08/12/24
[    0.292237] NET: Registered protocol family 16
[    0.296097] audit: initializing netlink subsys (disabled)
[    0.300164] cpuidle: using governor ladder
[    0.304012] audit: type=2000 audit(1723434501.611:1): state=initialized audit_enabled=0 res=1
[    0.308012] cpuidle: using governor menu
[    0.317765] ACPI: bus type PCI registered
[    0.320006] acpiphp: ACPI Hot Plug PCI Controller Driver version: 0.5
[    0.324424] PCI: Using configuration type 1 for base access
[    0.328005] PCI: Using configuration type 1 for extended access
[    0.333292] HugeTLB registered 2.00 MiB page size, pre-allocated 0 pages
[    0.336206] ACPI: Added _OSI(Module Device)
[    0.340008] ACPI: Added _OSI(Processor Device)
[    0.344006] ACPI: Added _OSI(3.0 _SCP Extensions)
[    0.348005] ACPI: Added _OSI(Processor Aggregator Device)
[    0.356024] ACPI: Added _OSI(Linux-Dell-Video)
[    0.360024] ACPI: Added _OSI(Linux-Lenovo-NV-HDMI-Audio)
[    0.364013] ACPI: Added _OSI(Linux-HPI-Hybrid-Graphics)
[    0.369239] ACPI: Executed 1 blocks of module-level executable AML code
[    0.381715] ACPI: Interpreter enabled
[    0.384036] ACPI: (supports S0 S5)
[    0.388011] ACPI: Using IOAPIC for interrupt routing
[    0.392657] PCI: Using host bridge windows from ACPI; if necessary, use "pci=nocrs" and report a bug
[    0.396430] ACPI: Enabled 2 GPEs in block 00 to 07
[    0.416848] ACPI: PCI Root Bridge [PCI0] (domain 0000 [bus 00-ff])
[    0.420050] acpi PNP0A03:00: _OSC: OS supports [ExtendedConfig ASPM ClockPM Segments MSI]
[    0.430424] acpi PNP0A03:00: _OSC: platform does not support [PCIeCapability]
[    0.436981] acpi PNP0A03:00: _OSC: not requesting control; platform does not support [PCIeCapability]
[    0.440015] acpi PNP0A03:00: _OSC: OS requested [PCIeHotplug PME AER PCIeCapability]
[    0.444013] acpi PNP0A03:00: _OSC: platform willing to grant [PCIeHotplug PME AER]
[    0.448009] acpi PNP0A03:00: _OSC failed (AE_SUPPORT); disabling ASPM
[    0.456922] PCI host bridge to bus 0000:00
[    0.460006] pci_bus 0000:00: root bus resource [io  0x0000-0x0cf7 window]
[    0.464010] pci_bus 0000:00: root bus resource [io  0x0d00-0xffff window]
[    0.468010] pci_bus 0000:00: root bus resource [mem 0x000a0000-0x000bffff window]
[    0.472009] pci_bus 0000:00: root bus resource [mem 0x10000000-0xfdffffff window]
[    0.476009] pci_bus 0000:00: root bus resource [bus 00-ff]
[    0.494079] pci 0000:00:01.1: legacy IDE quirk: reg 0x10: [io  0x01f0-0x01f7]
[    0.496009] pci 0000:00:01.1: legacy IDE quirk: reg 0x14: [io  0x03f6]
[    0.500007] pci 0000:00:01.1: legacy IDE quirk: reg 0x18: [io  0x0170-0x0177]
[    0.504008] pci 0000:00:01.1: legacy IDE quirk: reg 0x1c: [io  0x0376]
[    0.538416] pci 0000:00:07.0: quirk: [io  0x4000-0x403f] claimed by PIIX4 ACPI
[    0.540060] pci 0000:00:07.0: quirk: [io  0x4100-0x410f] claimed by PIIX4 SMB
[    0.560880] ACPI: PCI Interrupt Link [LNKA] (IRQs 5 9 10 *11)
[    0.564814] ACPI: PCI Interrupt Link [LNKB] (IRQs 5 9 *10 11)
[    0.568312] ACPI: PCI Interrupt Link [LNKC] (IRQs 5 *9 10 11)
[    0.572512] ACPI: PCI Interrupt Link [LNKD] (IRQs 5 9 10 *11)
[    0.576785] SCSI subsystem initialized
[    0.580172] pci 0000:00:02.0: vgaarb: setting as boot VGA device
[    0.584000] pci 0000:00:02.0: vgaarb: VGA device added: decodes=io+mem,owns=io+mem,locks=none
[    0.584013] pci 0000:00:02.0: vgaarb: bridge control possible
[    0.588008] vgaarb: loaded
[    0.592058] ACPI: bus type USB registered
[    0.600046] usbcore: registered new interface driver usbfs
[    0.604031] usbcore: registered new interface driver hub
[    0.608019] usbcore: registered new device driver usb
[    0.612102] EDAC MC: Ver: 3.0.0
[    0.617101] PCI: Using ACPI for IRQ routing
[    0.621100] NetLabel: Initializing
[    0.624006] NetLabel:  domain hash size = 128
[    0.628004] NetLabel:  protocols = UNLABELED CIPSOv4 CALIPSO
[    0.632052] NetLabel:  unlabeled traffic allowed by default
[    0.636209] clocksource: Switched to clocksource kvm-clock
[    0.697264] VFS: Disk quotas dquot_6.6.0
[    0.709156] VFS: Dquot-cache hash table entries: 512 (order 0, 4096 bytes)
[    0.718648] AppArmor: AppArmor Filesystem Enabled
[    0.725337] pnp: PnP ACPI init
[    0.732374] pnp: PnP ACPI: found 3 devices
[    0.745602] clocksource: acpi_pm: mask: 0xffffff max_cycles: 0xffffff, max_idle_ns: 2085701024 ns
[    0.759899] NET: Registered protocol family 2
[    0.766402] IP idents hash table entries: 4096 (order: 3, 32768 bytes)
[    0.775624] TCP established hash table entries: 2048 (order: 2, 16384 bytes)
[    0.785005] TCP bind hash table entries: 2048 (order: 3, 32768 bytes)
[    0.794097] TCP: Hash tables configured (established 2048 bind 2048)
[    0.803105] UDP hash table entries: 256 (order: 1, 8192 bytes)
[    0.811110] UDP-Lite hash table entries: 256 (order: 1, 8192 bytes)
[    0.819611] NET: Registered protocol family 1
[    0.825602] pci 0000:00:00.0: Limiting direct PCI/PCI transfers
[    0.833937] pci 0000:00:01.0: Activating ISA DMA hang workarounds
[    0.846064] pci 0000:00:02.0: Video device with shadowed ROM at [mem 0x000c0000-0x000dffff]
[    0.857897] Unpacking initramfs...
[    1.770461] Freeing initrd memory: 19528K
[    1.776190] clocksource: tsc: mask: 0xffffffffffffffff max_cycles: 0x1e366dea90d, max_idle_ns: 440795276822 ns
[    1.789191] platform rtc_cmos: registered platform RTC device (no PNP device found)
[    1.799082] Scanning for low memory corruption every 60 seconds
[    1.807469] Initialise system trusted keyrings
[    1.813622] Key type blacklist registered
[    1.819082] workingset: timestamp_bits=36 max_order=16 bucket_order=0
[    1.832673] zbud: loaded
[    1.838216] squashfs: version 4.0 (2009/01/31) Phillip Lougher
[    1.846799] fuse init (API version 7.26)
[    1.856178] Key type asymmetric registered
[    1.862467] Asymmetric key parser 'x509' registered
[    1.868908] Block layer SCSI generic (bsg) driver version 0.4 loaded (major 246)
[    1.878796] io scheduler noop registered
[    1.884105] io scheduler deadline registered
[    1.889781] io scheduler cfq registered (default)
[    1.896806] ACPI: AC Adapter [AC] (on-line)
[    1.902340] input: Power Button as /devices/LNXSYSTM:00/LNXPWRBN:00/input/input0
[    1.912527] ACPI: Power Button [PWRF]
[    1.917714] input: Sleep Button as /devices/LNXSYSTM:00/LNXSLPBN:00/input/input1
[    1.927942] ACPI: Sleep Button [SLPF]
[    1.936505] Serial: 8250/16550 driver, 32 ports, IRQ sharing enabled
[    1.945317] ACPI: Battery Slot [BAT0] (battery present)
[    1.989279] 00:02: ttyS0 at I/O 0x3f8 (irq = 4, base_baud = 115200) is a 16550A
[    2.004244] Linux agpgart interface v0.103
[    2.020156] loop: module loaded
[    2.027978] scsi host0: ata_piix
[    2.032612] scsi host1: ata_piix
[    2.037407] ata1: PATA max UDMA/33 cmd 0x1f0 ctl 0x3f6 bmdma 0xd000 irq 14
[    2.046208] ata2: PATA max UDMA/33 cmd 0x170 ctl 0x376 bmdma 0xd008 irq 15
[    2.056873] tun: Universal TUN/TAP device driver, 1.6
[    2.065047] PPP generic driver version 2.4.2
[    2.070796] ehci_hcd: USB 2.0 'Enhanced' Host Controller (EHCI) Driver
[    2.079483] ehci-pci: EHCI PCI platform driver
[    2.085402] ehci-platform: EHCI generic platform driver
[    2.092280] ohci_hcd: USB 1.1 'Open' Host Controller (OHCI) Driver
[    2.101356] ohci-pci: OHCI PCI platform driver
[    2.107584] ohci-platform: OHCI generic platform driver
[    2.114909] uhci_hcd: USB Universal Host Controller Interface driver
[    2.124034] i8042: PNP: PS/2 Controller [PNP0303:PS2K,PNP0f03:PS2M] at 0x60,0x64 irq 1,12
[    2.139638] serio: i8042 KBD port at 0x60,0x64 irq 1
[    2.146719] serio: i8042 AUX port at 0x60,0x64 irq 12
[    2.156305] mousedev: PS/2 mouse device common for all mice
[    2.166874] input: AT Translated Set 2 keyboard as /devices/platform/i8042/serio0/input/input2
[    2.183729] rtc_cmos rtc_cmos: rtc core: registered rtc_cmos as rtc0
[    2.193035] rtc_cmos rtc_cmos: alarms up to one day, 114 bytes nvram
[    2.201962] i2c /dev entries driver
[    2.206998] device-mapper: uevent: version 1.0.3
[    2.215052] device-mapper: ioctl: 4.37.0-ioctl (2017-09-20) initialised: dm-devel@redhat.com
[    2.300411] ledtrig-cpu: registered to indicate activity on CPUs
[    2.308732] NET: Registered protocol family 10
[    2.321923] Segment Routing with IPv6
[    2.326863] NET: Registered protocol family 17
[    2.333149] Key type dns_resolver registered
[    2.338865] mce: Using 0 MCE banks
[    2.343567] RAS: Correctable Errors collector initialized.
[    2.351196] sched_clock: Marking stable (2351101902, 0)->(3667645453, -1316543551)
[    2.361359] registered taskstats version 1
[    2.366799] Loading compiled-in X.509 certificates
[    2.376012] Loaded X.509 cert 'Build time autogenerated kernel key: b5b26778eaa3ab3a4a6cee031137706e947d12ad'
[    2.393805] Loaded X.509 cert 'Canonical Ltd. Live Patch Signing: 14df34d1a87cf37625abec039ef2bf521249b969'
[    2.411171] Loaded X.509 cert 'Canonical Ltd. Kernel Module Signing: 88f752e560a1e0737e31163a466ad7b70a850c19'
[    2.424080] blacklist: Loading compiled-in revocation X.509 certificates
[    2.433012] Loaded X.509 cert 'Canonical Ltd. Secure Boot Signing: 61482aa2830d0ab2ad5af10b7250da9033ddcef0'
[    2.446298] Loaded X.509 cert 'Canonical Ltd. Secure Boot Signing (2017): 242ade75ac4a15e50d50c84b0d45ff3eae707a03'
[    2.462499] Loaded X.509 cert 'Canonical Ltd. Secure Boot Signing (ESM 2018): 365188c1d374d6b07c3c8f240f8ef722433d6a8b'
[    2.479106] Loaded X.509 cert 'Canonical Ltd. Secure Boot Signing (2019): c0746fd6c5da3ae827864651ad66ae47fe24b3e8'
[    2.493361] Loaded X.509 cert 'Canonical Ltd. Secure Boot Signing (2021 v1): a8d54bbb3825cfb94fa13c9f8a594a195c107b8d'
[    2.509809] Loaded X.509 cert 'Canonical Ltd. Secure Boot Signing (2021 v2): 4cf046892d6fd3c9a5b03f98d845f90851dc6a8c'
[    2.525458] Loaded X.509 cert 'Canonical Ltd. Secure Boot Signing (2021 v3): 100437bb6de6e469b581e61cd66bce3ef4ed53af'
[    2.543055] Loaded X.509 cert 'Canonical Ltd. Secure Boot Signing (Ubuntu Core 2019): c1d57b8f6b743f23ee41f4f7ee292f06eecadfb9'
[    2.559467] zswap: loaded using pool lzo/zbud
[    2.571674] Key type big_key registered
[    2.577957] Key type trusted registered
[    2.586492] Key type encrypted registered
[    2.591994] AppArmor: AppArmor sha1 policy hashing enabled
[    2.599523] ima: No TPM chip found, activating TPM-bypass! (rc=-19)
[    2.607653] ima: Allocated hash algorithm: sha1
[    2.613796] evm: HMAC attrs: 0x1
[    2.619490]   Magic number: 4:18:816
[    2.624936] rtc_cmos rtc_cmos: setting system clock to 2024-08-12 03:48:18 UTC (1723434498)
[    2.637622] BIOS EDD facility v0.16 2004-Jun-25, 0 devices found
[    2.646110] EDD information not available.
[    2.655703] Freeing unused kernel image memory: 2480K
[    2.672280] Write protecting the kernel read-only data: 20480k
[    2.684739] Freeing unused kernel image memory: 2008K
[    2.691953] Freeing unused kernel image memory: 1820K
[    2.706183] x86/mm: Checked W+X mappings: passed, no W+X pages found.
Loading, please wait...
starting version 237
[    2.839453] e1000: Intel(R) PRO/1000 Network Driver - version 7.3.21-k8-NAPI
[    2.849046] e1000: Copyright (c) 1999-2006 Intel Corporation.
[    2.860565] Fusion MPT base driver 3.04.20
[    2.866210] Copyright (c) 1999-2008 LSI Corporation
[    2.914246] SSE version of gcm_enc/dec engaged.
[    2.959297] Fusion MPT SPI Host driver 3.04.20
[    3.157311] input: ImExPS/2 Generic Explorer Mouse as /devices/platform/i8042/serio1/input/input4
[    3.819798] e1000 0000:00:03.0 eth0: (PCI:33MHz:32-bit) 02:3b:7b:b7:3b:2d
[    3.829007] e1000 0000:00:03.0 eth0: Intel(R) PRO/1000 Network Connection
[    3.839390] mptbase: ioc0: Initiating bringup
[    3.961639] ioc0: LSI53C1030 A0: Capabilities={Initiator}
[    4.231907] scsi host2: ioc0: LSI53C1030 A0, FwRev=00000000h, Ports=1, MaxQ=256, IRQ=20
[    4.411108] scsi 2:0:0:0: Direct-Access     VBOX     HARDDISK         1.0  PQ: 0 ANSI: 5
[    4.428793] scsi target2:0:0: Beginning Domain Validation
[    4.444821] scsi target2:0:0: Domain Validation skipping write tests
[    4.453227] scsi target2:0:0: Ending Domain Validation
[    4.460721] scsi target2:0:0: asynchronous
[    4.469437] scsi 2:0:1:0: Direct-Access     VBOX     HARDDISK         1.0  PQ: 0 ANSI: 5
[    4.489234] scsi target2:0:1: Beginning Domain Validation
[    4.597717] scsi target2:0:1: Domain Validation skipping write tests
[    4.605826] scsi target2:0:1: Ending Domain Validation
[    4.622858] scsi target2:0:1: asynchronous
[    4.783758] sd 2:0:0:0: [sda] 83886080 512-byte logical blocks: (42.9 GB/40.0 GiB)
[    4.797230] sd 2:0:0:0: Attached scsi generic sg0 type 0
[    4.807998] sd 2:0:1:0: [sdb] 20480 512-byte logical blocks: (10.5 MB/10.0 MiB)
[    4.819228] sd 2:0:1:0: Attached scsi generic sg1 type 0
[    4.839256] sd 2:0:0:0: [sda] Write Protect is off
[    4.856991] sd 2:0:1:0: [sdb] Write Protect is off
[    4.867430] sd 2:0:0:0: [sda] Incomplete mode parameter data
[    4.875993] sd 2:0:0:0: [sda] Assuming drive cache: write through
[    4.894052] sd 2:0:1:0: [sdb] Incomplete mode parameter data
[    4.901443] sd 2:0:1:0: [sdb] Assuming drive cache: write through
[    4.938852]  sda: sda1
[    4.957616] sd 2:0:1:0: [sdb] Attached SCSI disk
[    4.964635] sd 2:0:0:0: [sda] Attached SCSI disk
[    5.459736] e1000 0000:00:08.0 eth1: (PCI:33MHz:32-bit) 08:00:27:2f:1a:cd
[    5.468593] e1000 0000:00:08.0 eth1: Intel(R) PRO/1000 Network Connection
[    5.479379] e1000 0000:00:08.0 enp0s8: renamed from eth1
[    5.497939] e1000 0000:00:03.0 enp0s3: renamed from eth0
Begin: Loading essential drivers ... [    7.604103] raid6: sse2x1   gen()  7090 MB/s
[    7.656157] raid6: sse2x1   xor()  6052 MB/s
[    7.708194] raid6: sse2x2   gen() 13307 MB/s
[    7.760086] raid6: sse2x2   xor()  8321 MB/s
[    7.812092] raid6: sse2x4   gen() 13313 MB/s
[    7.864096] raid6: sse2x4   xor()  7421 MB/s
[    7.869824] raid6: using algorithm sse2x4 gen() 13313 MB/s
[    7.879754] raid6: .... xor() 7421 MB/s, rmw enabled
[    7.887152] raid6: using ssse3x2 recovery algorithm
[    7.895089] xor: measuring software checksum speed
[    8.008120]    prefetch64-sse: 31362.000 MB/sec
[    8.112207]    generic_sse: 29552.000 MB/sec
[    8.121397] xor: using function: prefetch64-sse (31362.000 MB/sec)
[    8.134076] async_tx: api initialized (async)
done.
Begin: Running /scripts/init-premount ... done.
Begin: Mounting root file system ... Begin: Running /scripts/local-top ... done.
Begin: Running /scripts/local-premount ... [    8.233711] Btrfs loaded, crc32c=crc32c-intel
Scanning for Btrfs filesystems
done.
Warning: fsck not present, so skipping root file system
[    8.313906] EXT4-fs (sda1): mounted filesystem with ordered data mode. Opts: (null)
done.
Begin: Running /scripts/local-bottom ... done.
Begin: Running /scripts/init-bottom ... done.
[    8.654434] ip_tables: (C) 2000-2006 Netfilter Core Team
[    8.690036] systemd[1]: systemd 237 running in system mode. (+PAM +AUDIT +SELINUX +IMA +APPARMOR +SMACK +SYSVINIT +UTMP +LIBCRYPTSETUP +GCRYPT +GNUTLS +ACL +XZ +LZ4 +SECCOMP +BLKID +ELFUTILS +KMOD -IDN2 +IDN -PCRE2 default-hierarchy=hybrid)
[    8.717545] systemd[1]: Detected virtualization oracle.
[    8.724506] systemd[1]: Detected architecture x86-64.

Welcome to [1mUbuntu 18.04.6 LTS[0m!

[    8.739769] systemd[1]: Set hostname to <ubuntu>.
[    8.756362] systemd[1]: Initializing machine ID from random generator.
[    8.764960] systemd[1]: Installed transient /etc/machine-id file.
[    9.291233] systemd[1]: Reached target System Time Synchronized.
[[0;32m  OK  [0m] Reached target System Time Synchronized.
[    9.307784] systemd[1]: Reached target Mounting snaps.
[[0;32m  OK  [0m] Reached target Mounting snaps.
[    9.323561] systemd[1]: Reached target Mounted snaps.
[[0;32m  OK  [0m] Reached target Mounted snaps.
[    9.341237] systemd[1]: Created slice System Slice.
[[0;32m  OK  [0m] Created slice System Slice.
[[0;32m  OK  [0m] Listening on Journal Socket (/dev/log).
[[0;32m  OK  [0m] Listening on Network Service Netlink Socket.
[[0;32m  OK  [0m] Listening on Journal Socket.
         Starting Uncomplicated firewall...
[[0;32m  OK  [0m] Listening on /dev/initctl Compatibility Named Pipe.
[[0;32m  OK  [0m] Created slice system-serial\x2dgetty.slice.
[[0;32m  OK  [0m] Reached target Swap.
[[0;32m  OK  [0m] Created slice User and Session Slice.
[[0;32m  OK  [0m] Set up automount Arbitrary Executab…rmats File System Automount Point.
[[0;32m  OK  [0m] Listening on LVM2 poll daemon socket.
         Mounting Kernel Debug File System...
         Mounting POSIX Message Queue File System...
[[0;32m  OK  [0m] Listening on udev Kernel Socket.
[[0;32m  OK  [0m] Reached target Slices.
[[0;32m  OK  [0m] Listening on udev Control Socket.
         Starting udev Coldplug all Devices...
[[0;32m  OK  [0m] Listening on Journal Audit Socket.
[[0;32m  OK  [0m] Listening on Syslog Socket.
[[0;32m  OK  [0m] Listening on Device-mapper event daemon FIFOs.
         Starting Create list of required st…ce nodes for the current kernel...
[[0;32m  OK  [0m] Reached target User and Group Name Lookups.
         Starting Set the console keyboard layout...
         Starting Journal Service...
[[0;32m  OK  [0m] Listening on LVM2 metadata daemon socket.
         Starting Monitoring of LVM2 mirrors…ng dmeventd or progress polling...
[[0;32m  OK  [0m] Listening on fsck to fsckd communication Socket.
         Starting File System Check on Root Device...
[[0;32m  OK  [0m] Started Forward Password Requests to Wall Directory Watch.
         Starting Load Kernel Modules...
         Mounting Huge Pages File System...
[[0;32m  OK  [0m] Started Journal Service.
[[0;32m  OK  [0m] Started Uncomplicated firewall.
[[0;32m  OK  [0m] Mounted Kernel Debug File System.
[[    9.718991] Loading iSCSI transport class v2.0-870.
[0;32m  OK  [0m] Mounted POSIX Message Queue File System.
[[0;32m  OK  [0m] Started Create list of required sta…vice nodes for the current kernel.
[[0;32m  OK  [0m] Mounted Huge Pages File System.
[[0;32m  OK  [0m] Started LVM2 metadata daemon.
[    9.789394] iscsi: registered transport (tcp)
[[0;32m  OK  [0m] Started File System Check Daemon to report status.
         Starting Create Static Device Nodes in /dev...
[[0;32m  OK  [0m] Started File System Check on Root Device.
         Starting Remount Root and Kernel File Systems...
[[0;32m  OK  [0m] Started Monitoring of LVM2 mirrors,…sing dmeventd or progress polling.
[[0;32m  OK  [0m] Started udev Coldplug all Devices.
[    9.975703] iscsi: registered transport (iser)
[[0;32m  OK  [0m] Started Load Kernel Modules.[    9.989591] EXT4-fs (sda1): re-mounted. Opts: (null)

         Mounting FUSE Control File System...
         Mounting Kernel Configuration File System...
         Starting Apply Kernel Variables...
[[0;32m  OK  [0m] Mounted FUSE Control File System.
[[0;32m  OK  [0m] Started Create Static Device Nodes in /dev.
[[0;32m  OK  [0m] Started Remount Root and Kernel File Systems.
[[0;32m  OK  [0m] Mounted Kernel Configuration File System.
[[0;32m  OK  [0m] Started Apply Kernel Variables.
         Starting Flush Journal to Persistent Storage...
         Starting Load/Save Random Seed...
         Starting udev Kernel Device Manager...
[[0;32m  OK  [0m] Started Load/Save Random Seed.
[[0;32m  OK  [0m] Started udev Kernel Device Manager.
[[0;32m  OK  [0m] Started Flush Journal to Persistent Storage.
[[0;32m  OK  [0m] Found device /dev/ttyS0.
[[0;32m  OK  [0m] Started Set the console keyboard layout.
[[0;32m  OK  [0m] Reached target Local File Systems (Pre).
[[0;32m  OK  [0m] Reached target Local File Systems.
         Starting AppArmor initialization...
         Starting Set console font and keymap...
         Starting ebtables ruleset management...
         Starting Commit a transient machine-id on disk...
         Starting Tell Plymouth To Write Out Runtime Data...
         Starting Create Volatile Files and Directories...
[[0;32m  OK  [0m] Started Dispatch Password Requests to Console Directory Watch.
[[0;32m  OK  [0m] Reached target Local Encrypted Volumes.
[[0;32m  OK  [0m] Listening on Load/Save RF Kill Switch Status /dev/rfkill Watch.
[[0;32m  OK  [0m] Started Tell Plymouth To Write Out Runtime Data.
[[0;32m  OK  [0m] Started Commit a transient machine-id on disk.
[[0;32m  OK  [0m] Started Create Volatile Files and Directories.
         Starting Update UTMP about System Boot/Shutdown...
[[0;32m  OK  [0m] Started Update UTMP about System Boot/Shutdown.
[[0;32m  OK  [0m] Started ebtables ruleset management.
         Mounting Arbitrary Executable File Formats File System...
[[0;32m  OK  [0m] Mounted Arbitrary Executable File Formats File System.
[[0;32m  OK  [0m] Started AppArmor initialization.
         Starting Load AppArmor profiles managed internally by snapd...
         Starting Initial cloud-init job (pre-networking)...
[[0;32m  OK  [0m] Started Load AppArmor profiles managed internally by snapd.
[[0;32m  OK  [0m] Started Set console font and keymap.
[   17.342992] cloud-init[765]: Cloud-init v. 23.1.2-0ubuntu0~18.04.1 running 'init-local' at Mon, 12 Aug 2024 03:48:32 +0000. Up 16.92 seconds.
[[0;32m  OK  [0m] Started Initial cloud-init job (pre-networking).
[[0;32m  OK  [0m] Reached target Network (Pre).
         Starting Network Service...
[[0;32m  OK  [0m] Started Network Service.
         Starting Network Name Resolution...
         Starting Wait for Network to be Configured...
[[0;32m  OK  [0m] Started Network Name Resolution.
[[0;32m  OK  [0m] Reached target Host and Network Name Lookups.
[[0;32m  OK  [0m] Reached target Network.
[[0;32m  OK  [0m] Started Wait for Network to be Configured.
         Starting Initial cloud-init job (metadata service crawler)...
[   20.509921] cloud-init[900]: Cloud-init v. 23.1.2-0ubuntu0~18.04.1 running 'init' at Mon, 12 Aug 2024 03:48:36 +0000. Up 20.20 seconds.
[   20.549368] cloud-init[900]: ci-info: ++++++++++++++++++++++++++++++++++++++Net device info+++++++++++++++++++++++++++++++++++++++
[   20.588998] cloud-init[900]: ci-info: +--------+-------+----------------------------+---------------+--------+-------------------+
[   20.625627] cloud-init[900]: ci-info: | Device |   Up  |          Address           |      Mask     | Scope  |     Hw-Address    |
[   20.658541] cloud-init[900]: ci-info: +--------+-------+----------------------------+---------------+--------+-------------------+
[   20.689572] cloud-init[900]: ci-info: | enp0s3 |  True |         10.0.2.15          | 255.255.255.0 | global | 02:3b:7b:b7:3b:2d |
[   20.729254] cloud-init[900]: ci-info: | enp0s3 |  True | fe80::3b:7bff:feb7:3b2d/64 |       .       |  link  | 02:3b:7b:b7:3b:2d |
[   20.775615] cloud-init[900]: ci-info: | enp0s8 | False |             .              |       .       |   .    | 08:00:27:2f:1a:cd |
[   20.819524] cloud-init[900]: ci-info: |   lo   |  True |         127.0.0.1          |   255.0.0.0   |  host  |         .         |
[   20.857467] cloud-init[900]: ci-info: |   lo   |  True |          ::1/128           |       .       |  host  |         .         |
[   20.888135] cloud-init[900]: ci-info: +--------+-------+----------------------------+---------------+--------+-------------------+
[   20.921242] cloud-init[900]: ci-info: ++++++++++++++++++++++++++++Route IPv4 info+++++++++++++++++++++++++++++
[   20.952726] cloud-init[900]: ci-info: +-------+-------------+----------+-----------------+-----------+-------+
[   20.978089] cloud-init[900]: ci-info: | Route | Destination | Gateway  |     Genmask     | Interface | Flags |
[   21.001804] cloud-init[900]: ci-info: +-------+-------------+----------+-----------------+-----------+-------+
[   21.028235] cloud-init[900]: ci-info: |   0   |   0.0.0.0   | 10.0.2.2 |     0.0.0.0     |   enp0s3  |   UG  |
[   21.059993] cloud-init[900]: ci-info: |   1   |   10.0.2.0  | 0.0.0.0  |  255.255.255.0  |   enp0s3  |   U   |
[   21.092533] cloud-init[900]: ci-info: |   2   |   10.0.2.2  | 0.0.0.0  | 255.255.255.255 |   enp0s3  |   UH  |
[   21.122197] cloud-init[900]: ci-info: +-------+-------------+----------+-----------------+-----------+-------+
[   21.154566] cloud-init[900]: ci-info: +++++++++++++++++++Route IPv6 info+++++++++++++++++++
[   21.179409] cloud-init[900]: ci-info: +-------+-------------+---------+-----------+-------+
[   21.231158] cloud-init[900]: ci-info: | Route | Destination | Gateway | Interface | Flags |
[   21.246961] cloud-init[900]: ci-info: +-------+-------------+---------+-----------+-------+
[   21.278154] cloud-init[900]: ci-info: |   1   |  fe80::/64  |    ::   |   enp0s3  |   U   |
[   21.312921] cloud-init[900]: ci-info: |   3   |    local    |    ::   |   enp0s3  |   U   |
[   21.344761] cloud-init[900]: ci-info: |   4   |   ff00::/8  |    ::   |   enp0s3  |   U   |
[   21.376746] cloud-init[900]: ci-info: +-------+-------------+---------+-----------+-------+
[   22.605283] cloud-init[900]: Generating public/private rsa key pair.
[   22.628655] cloud-init[900]: Your identification has been saved in /etc/ssh/ssh_host_rsa_key.
[   22.660938] cloud-init[900]: Your public key has been saved in /etc/ssh/ssh_host_rsa_key.pub.
[   22.687709] cloud-init[900]: The key fingerprint is:
[   22.703439] cloud-init[900]: SHA256:yLqRIteUbBtCwAD+2HMdt+y3ax5CGUnI3jY0t8c4YFY root@ubuntu-bionic
[   22.726716] cloud-init[900]: The key's randomart image is:
[   22.750358] cloud-init[900]: +---[RSA 2048]----+
[   22.769056] cloud-init[900]: |B     . ...E     |
[[0;32m  OK  [0m[   22.796383] cloud-init] Started Initial cloud-init job (metadata service crawler).[900]: 
[|.o     o.*..     |
[0;32m  OK  [0m] Reached target Network is Online.[   22.831961] 
[[0;32m  OK  [0m] cloud-init[900]: | ..   ..=++ +    |Reached target Remote File Systems (Pre).
[[0;32m  OK  [0m
[   22.861554] cloud-init] Reached target Remote File Systems.[900]: | .+. o.o++++ o   |

         Starting Availability of block devices...[   22.882809] cloud-init[900]: 
[[0;32m  OK  [0m| ..+*.o.S=. o    |] Reached target System Initialization.
[
[   22.915699] [0;32m  OK  [0m] Started Discard unused blocks once a week.cloud-init
[[900]: |   =o=  o        |[0;32m  OK  [0m] Started Ubuntu Advantage Timer for running repeated jobs.
[   22.949936] cloud-init
[[0;32m  OK  [0m[900]: |. o *    o o     |] Started Daily Cleanup of Temporary Directories.
[   22.968679] cloud-init[900]: 
[[0;32m  OK  [0m| o . o    o.o    |] Listening on D-Bus System Message Bus Socket.
[   22.987274] cloud-init[900]: |    .     o+.    |
[[0;32m  OK  [0m] Started Message of the Day.
[   23.004122] cloud-init
[[0;32m  OK  [0m[900]: +----[SHA256]-----+] Listening on cloud-init hotplug hook socket.
[   23.023712] cloud-init[900]: 
Generating public/private dsa key pair.
[[0;32m  OK  [0m] [   23.040836] cloud-initStarted ACPI Events Check.
         [900]: Your identification has been saved in /etc/ssh/ssh_host_dsa_key.Starting Socket activation for snappy daemon.
[   23.063976] 
         Starting LXD - unix socket.cloud-init
[[0;32m  OK  [0m[900]: ] Started Daily apt download activities.Your public key has been saved in /etc/ssh/ssh_host_dsa_key.pub.
[[0;32m  OK  [0m] Started Daily apt upgrade and clean activities.
[   23.113490] cloud-init
[[0;32m  OK  [0m] Reached target Timers.[900]: 
[The key fingerprint is:[0;32m  OK  [0m] Listening on ACPID Listen Socket.
[   23.146074] cloud-init[900]: SHA256:bFm1i3de249NQWgfg/KKUqXxfe0zctjExc4MEQ5FGQ4 root@ubuntu-bionic
[[0;32m  OK  [0m] Reached target Paths.
[   23.167634] 
[cloud-init[900]: The key's randomart image is:[0;32m  OK  [0m] Listening on UUID daemon activation socket.
[   23.186685] 
[[0;32m  OK  [0m] cloud-init[900]: +---[DSA 1024]----+Listening on Open-iSCSI iscsid Socket.

[   23.203033] [[0;32m  OK  [0mcloud-init[900]: |            Eo*+ |] Reached target Cloud-config availability.
[   23.219312] 
cloud-init[[0;32m  OK  [0m[900]: |           . *+o |
] Started Availability of block devices.[   23.238114] cloud-init
[[0;32m  OK  [0m] [900]: |         ..o.+++o|
Listening on Socket activation for snappy daemon.
[[0;32m  OK  [0m[   23.271200] cloud-init[900]: ] Listening on LXD - unix socket.
|       . o=.=.+==|
[[0;32m  OK  [0m] [   23.289649] cloud-init[900]: |        So..oo.**|Reached target Sockets.
[
[   23.302326] cloud-init[0;32m  OK  [0m] [900]: |       .. ...o=o+|
Reached target Basic System.
[   23.318536]          Starting LSB: Record successful boot for GRUB...cloud-init[900]: |       . . . o.*+|
[[0;32m  OK  [0m
] Started FUSE filesystem for LXC.
[[0;32m  OK  [0m[   23.362319] ] Reached target Login Prompts (Pre).
[[0;32m  OK  [0m] Started D-Bus System Message Bus.cloud-init
[900]: |        .     o++|
[   23.437559] cloud-init[900]: |              . o|         
[   23.470238] cloud-initStarting LXD - container startup/shutdown...
[[0;32m  OK  [0m] Started Deferred execution scheduler.
[900]:          Starting Pollinate to seed the pseudo random number generator...+----[SHA256]-----+
         Starting Accounts Service...

[   23.541066] cloud-init[900]: Generating public/private ecdsa key pair.
[   23.578095] cloud-init[900]: Your identification has been saved in /etc/ssh/ssh_host_ecdsa_key.[[0;32m  OK  [0m] Started irqbalance daemon.
         
Starting Permit User Sessions...
[   23.654704] cloud-init[900]: Your public key has been saved in /etc/ssh/ssh_host_ecdsa_key.pub.[[0;32m  OK  [0m] Started Regular background program processing daemon.
         Starting System Logging Service...

         [   23.730405] cloud-initStarting LSB: automatic crash report generation...
[900]: The key fingerprint is:
[   23.774862] cloud-init[900]: SHA256:vTnnx8yncAwEPsJe659Fc/TVDArF487QgD5pYi+qxDU root@ubuntu-bionic
[   23.821445] cloud-init[900]: The key's randomart image is:
[   23.848926] cloud-init[900]: +---[ECDSA 256]---+
[   23.886066] cloud-init         Starting Dispatcher daemon for systemd-networkd...
         Starting Virtualbox guest utils...
         Starting Login Service...
[900]:          Starting Snap Daemon...
[[0;32m  OK  [0m|         .oo. .  |] Started System Logging Service.
[[0;32m  OK  [0m] Started Permit User Sessions.

[   24.044993] cloud-init         Starting Authorization Manager...
         Starting Terminate Plymouth Boot Screen...
         Starting Hold until boot process finishes up...
[[900]: [0;32m  OK  [0m] Started Terminate Plymouth Boot Screen.
[[0;32m  OK  [0m] Started Login Service.|       ....oo. o.|
[[0;32m  OK  [0m] Started Hold until boot process finishes up.
         Starting Set console scheme...
[[0;32m  OK  [0m
] Started Serial Getty on ttyS0.
[[0;32m  OK  [0m] Started Unattended Upgrades Shutdown.
[   24.312949] cloud-init[900]: |       .o.++o.  =|[[0;32m  OK  [0m
] Started Set console scheme.
[[0;32m  OK  [0m] Created slice system-getty.slice.
[[0;32m  OK  [0m] Started Getty on tty1.[   24.485696] 
[[0;32m  OK  [0m] Reached target Login Prompts.
[[0;32m  OK  [0m] Started LSB: Record successful boot for GRUB.cloud-init
[[0;32m  OK  [0m] Started Authorization Manager.
[[0;32m  OK  [0m] Started Accounts Service.
[900]: |      o.=+.+o  .o|[[0;32m  OK  [0m] Started LXD - container startup/shutdown.

[[0;32m  OK  [0m] Started LSB: automatic crash report generation.
[   24.711590] cloud-init[900]: |    E. +S.o+. o o|
[   24.808609] cloud-init[900]: | . . .. .. oo+ o |
[   24.846313] cloud-init[900]: |  o  . .  = o++  |
[   24.882142] cloud-init[900]: | .  .      = == .|
[   24.922513] cloud-init[900]: |  ..        +..o |
[   24.992657] cloud-init[900]: +----[SHA256]-----+
[   25.034197] cloud-init[900]: Generating public/private ed25519 key pair.
[   25.099758] cloud-init[900]: Your identification has been saved in /etc/ssh/ssh_host_ed25519_key.
[   25.154523] cloud-init[900]: Your public key has been saved in /etc/ssh/ssh_host_ed25519_key.pub.
[   25.201001] cloud-init[900]: The key fingerprint is:
[   25.233285] cloud-init[900]: SHA256:bbzPdzxQy7jVA8+G3oPkDe92mb7yNUH3/NjnWkDjnp0 root@ubuntu-bionic
[   25.289101] cloud-init[900]: The key's randomart image is:
[   25.341178] cloud-init[900]: +--[ED25519 256]--+
[   25.372230] cloud-init[900]: |                 |
[   25.403529] cloud-init[900]: |                 |
[   25.443860] cloud-init[900]: |              o..|
[   25.484108] cloud-init[900]: |         o   +.+o|
[   25.535923] cloud-init[900]: |        S +   @.=|
[   25.580974] cloud-init[900]: |         . . B #=|
[   25.629262] cloud-init[900]: |          . + #E@|
[   25.677199] cloud-init[900]: |           o *.%B|
[   25.833050] cloud-init[900]: |            o.BB*|
[   25.869523] cloud-init[900]: +----[SHA256]-----+
[[0;32m  OK  [0m] Started Virtualbox guest utils.
[[0;32m  OK  [0m] Started Dispatcher daemon for systemd-networkd.
[[0;32m  OK  [0m] Started Snap Daemon.
         Starting Wait until snapd is fully seeded...
[[0;32m  OK  [0m] Started Pollinate to seed the pseudo random number generator.
         Starting OpenBSD Secure Shell server...
[[0;32m  OK  [0m] Started OpenBSD Secure Shell server.
[[0;32m  OK  [0m] Created slice User Slice of vagrant.
[[0;32m  OK  [0m] Started Session 1 of user vagrant.
         Starting User Manager for UID 1000...
         Starting Time & Date Service...
[[0;32m  OK  [0m] Started Time & Date Service.
[[0;32m  OK  [0m] Started User Manager for UID 1000.

Ubuntu 18.04.6 LTS ubuntu-bionic ttyS0

ubuntu-bionic login: [   37.100614] cloud-init[1417]: Cloud-init v. 23.1.2-0ubuntu0~18.04.1 running 'modules:config' at Mon, 12 Aug 2024 03:48:51 +0000. Up 36.06 seconds.
ci-info: no authorized SSH keys fingerprints found for user ubuntu.
<14>Aug 12 03:48:54 cloud-init: #############################################################
<14>Aug 12 03:48:54 cloud-init: -----BEGIN SSH HOST KEY FINGERPRINTS-----
<14>Aug 12 03:48:54 cloud-init: 1024 SHA256:bFm1i3de249NQWgfg/KKUqXxfe0zctjExc4MEQ5FGQ4 root@ubuntu-bionic (DSA)
<14>Aug 12 03:48:54 cloud-init: 256 SHA256:vTnnx8yncAwEPsJe659Fc/TVDArF487QgD5pYi+qxDU root@ubuntu-bionic (ECDSA)
<14>Aug 12 03:48:54 cloud-init: 256 SHA256:bbzPdzxQy7jVA8+G3oPkDe92mb7yNUH3/NjnWkDjnp0 root@ubuntu-bionic (ED25519)
<14>Aug 12 03:48:54 cloud-init: 2048 SHA256:yLqRIteUbBtCwAD+2HMdt+y3ax5CGUnI3jY0t8c4YFY root@ubuntu-bionic (RSA)
<14>Aug 12 03:48:54 cloud-init: -----END SSH HOST KEY FINGERPRINTS-----
<14>Aug 12 03:48:54 cloud-init: #############################################################
-----BEGIN SSH HOST KEY KEYS-----
ecdsa-sha2-nistp256 AAAAE2VjZHNhLXNoYTItbmlzdHAyNTYAAAAIbmlzdHAyNTYAAABBBCo6Gp+4wWo/Ml0alc7uxS3/3p2S/3BdsoG5mIbCDKB5gpKhr7TYt5uVVbJWXAtb8mmr0GHq9KngzMKuEXv6EjY= root@ubuntu-bionic
ssh-ed25519 AAAAC3NzaC1lZDI1NTE5AAAAIAtegxEsKKvwklcbTgfn84xjAs6+c1qFOoYOFpiWK5P2 root@ubuntu-bionic
ssh-rsa AAAAB3NzaC1yc2EAAAADAQABAAABAQDHV4xyOJc0BrOSSVQVqYgc0VAmT2aApxVqiW0qoP2JpxlslxWSwOi/TUXbjaHuZCk2fhLDMZNmtvJK9IjZpdn+WQDBe1HndY3egSdx4vG3wXGh9r7F3LwFg17KDin/PxumZrE5dm0/wvUOlhQbHmTuMjczxRZhAbZ8xONjT/J0na0canQCWWT2IWfwemN09/yZ509Ra7cEh8N4qCt25NCPxsRhxJvz92v/YbL+pbrP4EibVg6ti2hpJQXkoiHkdiawPsMzfcI+h8JprQvCyA84Y+ia+IRNP/3u/XPvekOtclq4UFy6mqsO5QpIpk/xMgBKMHFq5J3bq460CXM+c3RV root@ubuntu-bionic
-----END SSH HOST KEY KEYS-----
[   38.981700] cloud-init[1603]: Cloud-init v. 23.1.2-0ubuntu0~18.04.1 running 'modules:final' at Mon, 12 Aug 2024 03:48:54 +0000. Up 38.54 seconds.
[   39.014282] cloud-init[1603]: Cloud-init v. 23.1.2-0ubuntu0~18.04.1 finished at Mon, 12 Aug 2024 03:48:54 +0000. Datasource DataSourceNoCloud [seed=/dev/sdb][dsmode=net].  Up 38.97 seconds
